<?xml version="1.0" encoding="UTF-8"?>
<!-- Generated by org.testng.reporters.JUnitXMLReporter -->
<testsuite ignored="0" hostname="DESKTOP-FI8UJG3" failures="0" tests="3" name="Browser Testing" time="60.435" errors="0" timestamp="2022-10-05T11:45:24 IST">
  <testcase classname="testNG_TestCases.Testng_Test4" name="checkBoxValidation" time="15.978"/>
  <testcase classname="testNG_TestCases.Testng_Test5" name="pageTitleValidation" time="4.782"/>
  <testcase classname="testNG_TestCases.Testng_Test6" name="handlingJavaScriptAlertBox" time="4.468"/>
</testsuite> <!-- Browser Testing -->
