<?xml version="1.0" encoding="UTF-8"?>
<!-- Generated by org.testng.reporters.JUnitXMLReporter -->
<testsuite ignored="0" hostname="DESKTOP-FI8UJG3" failures="0" tests="3" name="Chrom Browser  testing" time="137.551" errors="0" timestamp="2022-10-05T12:01:25 IST">
  <testcase classname="testNG_TestCases.Testng_Test1" name="checkBoxValidation" time="11.559"/>
  <testcase classname="testNG_TestCases.Testng_Test2" name="pageTitleValidation" time="4.78"/>
  <testcase classname="testNG_TestCases.Testng_Test3" name="handlingJavaScriptAlertBox" time="4.924"/>
</testsuite> <!-- Chrom Browser  testing -->
