<?xml version="1.0" encoding="UTF-8"?>
<!-- Generated by org.testng.reporters.JUnitXMLReporter -->
<testsuite ignored="0" hostname="DESKTOP-FI8UJG3" failures="0" tests="3" name="Edge Browser Testing" time="63.199" errors="0" timestamp="2022-10-05T12:00:11 IST">
  <testcase classname="testNG_TestCases.Testng_Test1" name="checkBoxValidation" time="11.798"/>
  <testcase classname="testNG_TestCases.Testng_Test2" name="pageTitleValidation" time="3.351"/>
  <testcase classname="testNG_TestCases.Testng_Test3" name="handlingJavaScriptAlertBox" time="3.224"/>
</testsuite> <!-- Edge Browser Testing -->
