<?xml version="1.0" encoding="UTF-8"?>
<!-- Generated by org.testng.reporters.JUnitXMLReporter -->
<testsuite ignored="0" hostname="DESKTOP-FI8UJG3" failures="0" tests="3" name="Firefox Browser Testing" time="60.808" errors="0" timestamp="2022-10-05T12:00:09 IST">
  <testcase classname="testNG_TestCases.Testng_Test1" name="checkBoxValidation" time="11.696"/>
  <testcase classname="testNG_TestCases.Testng_Test2" name="pageTitleValidation" time="2.608"/>
  <testcase classname="testNG_TestCases.Testng_Test3" name="handlingJavaScriptAlertBox" time="2.233"/>
</testsuite> <!-- Firefox Browser Testing -->
