<?xml version="1.0" encoding="UTF-8"?>
<!-- Generated by org.testng.reporters.JUnitXMLReporter -->
<testsuite ignored="0" hostname="DESKTOP-FI8UJG3" failures="0" tests="3" name="Internet Explorer Testing" time="74.866" errors="0" timestamp="2022-10-05T12:01:23 IST">
  <testcase classname="testNG_TestCases.Testng_Test1" name="checkBoxValidation" time="15.507"/>
  <testcase classname="testNG_TestCases.Testng_Test2" name="pageTitleValidation" time="4.793"/>
  <testcase classname="testNG_TestCases.Testng_Test3" name="handlingJavaScriptAlertBox" time="3.373"/>
</testsuite> <!-- Internet Explorer Testing -->
