<?xml version="1.0" encoding="UTF-8"?>
<testsuite xmlns:xsi="http://www.w3.org/2001/XMLSchema-instance" xsi:schemaLocation="https://maven.apache.org/surefire/maven-surefire-plugin/xsd/surefire-test-report.xsd" name="TestSuite" time="356.884" tests="24" errors="0" skipped="0" failures="0">
  <properties>
[...]
</properties>
  <testcase name="checkBoxValidation" classname="testNG_TestCases.Testng_Test1" time="14.244"/>
  <testcase name="checkBoxValidation" classname="testNG_TestCases.Testng_Test1" time="13.355"/>
  <testcase name="checkBoxValidation" classname="testNG_TestCases.Testng_Test1" time="13.165"/>
  <testcase name="checkBoxValidation" classname="testNG_TestCases.Testng_Test1" time="15.412"/>
  <testcase name="checkBoxValidation" classname="testNG_TestCases.Testng_Test1" time="11.341"/>
  <testcase name="checkBoxValidation" classname="testNG_TestCases.Testng_Test1" time="11.696"/>
  <testcase name="checkBoxValidation" classname="testNG_TestCases.Testng_Test1" time="10.597"/>
  <testcase name="checkBoxValidation" classname="testNG_TestCases.Testng_Test1" time="15.506"/>
  <testcase name="pageTitleValidation" classname="testNG_TestCases.Testng_Test2" time="4.575"/>
  <testcase name="pageTitleValidation" classname="testNG_TestCases.Testng_Test2" time="4.218"/>
  <testcase name="pageTitleValidation" classname="testNG_TestCases.Testng_Test2" time="3.204"/>
  <testcase name="pageTitleValidation" classname="testNG_TestCases.Testng_Test2" time="4.132"/>
  <testcase name="pageTitleValidation" classname="testNG_TestCases.Testng_Test2" time="2.608"/>
  <testcase name="pageTitleValidation" classname="testNG_TestCases.Testng_Test2" time="2.643"/>
  <testcase name="pageTitleValidation" classname="testNG_TestCases.Testng_Test2" time="3.52"/>
  <testcase name="pageTitleValidation" classname="testNG_TestCases.Testng_Test2" time="4.793"/>
  <testcase name="handlingJavaScriptAlertBox" classname="testNG_TestCases.Testng_Test3" time="3.891"/>
  <testcase name="handlingJavaScriptAlertBox" classname="testNG_TestCases.Testng_Test3" time="3.218"/>
  <testcase name="handlingJavaScriptAlertBox" classname="testNG_TestCases.Testng_Test3" time="4.242"/>
  <testcase name="handlingJavaScriptAlertBox" classname="testNG_TestCases.Testng_Test3" time="4.316"/>
  <testcase name="handlingJavaScriptAlertBox" classname="testNG_TestCases.Testng_Test3" time="0.897"/>
  <testcase name="handlingJavaScriptAlertBox" classname="testNG_TestCases.Testng_Test3" time="3.235"/>
  <testcase name="handlingJavaScriptAlertBox" classname="testNG_TestCases.Testng_Test3" time="3.325"/>
  <testcase name="handlingJavaScriptAlertBox" classname="testNG_TestCases.Testng_Test3" time="4.939"/>
</testsuite>