<?xml version="1.0" encoding="UTF-8"?>
<testsuite xmlns:xsi="http://www.w3.org/2001/XMLSchema-instance" xsi:schemaLocation="https://maven.apache.org/surefire/maven-surefire-plugin/xsd/surefire-test-report.xsd" name="TestSuite" time="448.036" tests="24" errors="0" skipped="0" failures="0">
  <properties>
[...]
</properties>
  <testcase name="pageTitleValidation" classname="testNG_TestCases.Testng_Test1" time="0.434"/>
  <testcase name="pageTitleValidation" classname="testNG_TestCases.Testng_Test1" time="0.599"/>
  <testcase name="pageTitleValidation" classname="testNG_TestCases.Testng_Test1" time="0.622"/>
  <testcase name="pageTitleValidation" classname="testNG_TestCases.Testng_Test1" time="0.575"/>
  <testcase name="pageTitleValidation" classname="testNG_TestCases.Testng_Test1" time="0.425"/>
  <testcase name="pageTitleValidation" classname="testNG_TestCases.Testng_Test1" time="0.561"/>
  <testcase name="pageTitleValidation" classname="testNG_TestCases.Testng_Test1" time="0.378"/>
  <testcase name="pageTitleValidation" classname="testNG_TestCases.Testng_Test1" time="0.588"/>
  <testcase name="checkBoxValidation" classname="testNG_TestCases.Testng_Test2" time="12.719"/>
  <testcase name="checkBoxValidation" classname="testNG_TestCases.Testng_Test2" time="2.127"/>
  <testcase name="checkBoxValidation" classname="testNG_TestCases.Testng_Test2" time="11.073"/>
  <testcase name="checkBoxValidation" classname="testNG_TestCases.Testng_Test2" time="31.96"/>
  <testcase name="checkBoxValidation" classname="testNG_TestCases.Testng_Test2" time="31.709"/>
  <testcase name="checkBoxValidation" classname="testNG_TestCases.Testng_Test2" time="32.507"/>
  <testcase name="checkBoxValidation" classname="testNG_TestCases.Testng_Test2" time="31.626"/>
  <testcase name="checkBoxValidation" classname="testNG_TestCases.Testng_Test2" time="33.385"/>
  <testcase name="handlingJavaScriptAlertBox" classname="testNG_TestCases.Testng_Test3" time="0.024"/>
  <testcase name="handlingJavaScriptAlertBox" classname="testNG_TestCases.Testng_Test3" time="0.238"/>
  <testcase name="handlingJavaScriptAlertBox" classname="testNG_TestCases.Testng_Test3" time="0.033"/>
  <testcase name="handlingJavaScriptAlertBox" classname="testNG_TestCases.Testng_Test3" time="0.032"/>
  <testcase name="handlingJavaScriptAlertBox" classname="testNG_TestCases.Testng_Test3" time="0.035"/>
  <testcase name="handlingJavaScriptAlertBox" classname="testNG_TestCases.Testng_Test3" time="0.217"/>
  <testcase name="handlingJavaScriptAlertBox" classname="testNG_TestCases.Testng_Test3" time="0.02"/>
  <testcase name="handlingJavaScriptAlertBox" classname="testNG_TestCases.Testng_Test3" time="0.022"/>
</testsuite>