<?xml version="1.0" encoding="UTF-8"?>
<testng-results ignored="0" total="1" passed="1" failed="0" skipped="0">
  <reporter-output>
    <line>
      <![CDATA[Ending the Test Method]]>
    </line>
    <line>
      <![CDATA[Closing the browser session]]>
    </line>
  </reporter-output>
  <suite started-at="2022-10-01T18:04:46 IST" name="Suite" finished-at="2022-10-01T18:05:00 IST" duration-ms="14496">
    <groups>
    </groups>
    <test started-at="2022-10-01T18:04:46 IST" name="Test" finished-at="2022-10-01T18:05:00 IST" duration-ms="14496">
      <class name="testNG_TestCases.Testng_Test_1">
        <test-method is-config="true" signature="setUrl(java.lang.String)[pri:0, instance:testNG_TestCases.Testng_Test_1@6107227e]" started-at="2022-10-01T18:04:46 IST" name="setUrl" finished-at="2022-10-01T18:04:46 IST" duration-ms="53" status="PASS">
          <params>
            <param index="0">
              <value>
                <![CDATA[https://www.lambdatest.com/selenium-playground/]]>
              </value>
            </param>
          </params>
          <reporter-output>
          </reporter-output>
        </test-method> <!-- setUrl -->
        <test-method is-config="true" signature="setup(java.lang.reflect.Method,org.testng.ITestContext,java.lang.String,java.lang.String,java.lang.String)[pri:0, instance:testNG_TestCases.Testng_Test_1@6107227e]" started-at="2022-10-01T18:04:46 IST" name="setup" finished-at="2022-10-01T18:04:58 IST" duration-ms="11863" status="PASS">
          <params>
            <param index="0">
              <value>
                <![CDATA[public void testNG_TestCases.Testng_Test_1.pageTitleValidation()]]>
              </value>
            </param>
            <param index="1">
              <value>
                <![CDATA[org.testng.TestRunner@4565a70a]]>
              </value>
            </param>
            <param index="2">
              <value>
                <![CDATA[Chrome]]>
              </value>
            </param>
            <param index="3">
              <value>
                <![CDATA[88.0]]>
              </value>
            </param>
            <param index="4">
              <value>
                <![CDATA[Windows 10]]>
              </value>
            </param>
          </params>
          <reporter-output>
          </reporter-output>
        </test-method> <!-- setup -->
        <test-method signature="pageTitleValidation()[pri:0, instance:testNG_TestCases.Testng_Test_1@6107227e]" started-at="2022-10-01T18:04:58 IST" name="pageTitleValidation" finished-at="2022-10-01T18:04:58 IST" duration-ms="409" status="PASS">
          <reporter-output>
          </reporter-output>
        </test-method> <!-- pageTitleValidation -->
        <test-method is-config="true" signature="tearDown()[pri:0, instance:testNG_TestCases.Testng_Test_1@6107227e]" started-at="2022-10-01T18:04:58 IST" name="tearDown" finished-at="2022-10-01T18:05:00 IST" duration-ms="2048" status="PASS">
          <reporter-output>
            <line>
              <![CDATA[Ending the Test Method]]>
            </line>
            <line>
              <![CDATA[Closing the browser session]]>
            </line>
          </reporter-output>
        </test-method> <!-- tearDown -->
      </class> <!-- testNG_TestCases.Testng_Test_1 -->
    </test> <!-- Test -->
  </suite> <!-- Suite -->
</testng-results>
