<?xml version="1.0" encoding="UTF-8"?>
<testng-results ignored="0" total="3" passed="3" failed="0" skipped="0">
  <reporter-output>
    <line>
      <![CDATA[<===== Start of Test Method =====>]]>
    </line>
    <line>
      <![CDATA[Setting desired Capabilities]]>
    </line>
    <line>
      <![CDATA[Connecting to hub/ Grid]]>
    </line>
    <line>
      <![CDATA[Step 1:Open LambdaTest’s Selenium Playground from]]>
    </line>
    <line>
      <![CDATA[<--------Scenario 2: Check Box  validation Started-------->]]>
    </line>
    <line>
      <![CDATA[Click Checkbox Demo under Input Forms]]>
    </line>
    <line>
      <![CDATA[clicked on checkbox demo link]]>
    </line>
    <line>
      <![CDATA[Click the checkbox under the Single Checkbox Demo section]]>
    </line>
    <line>
      <![CDATA[clicked on single checkbox]]>
    </line>
    <line>
      <![CDATA[Validate whether this checkbox is selected ]]>
    </line>
    <line>
      <![CDATA[Now click the checkbox again and validate whether the checkbox is unselected]]>
    </line>
    <line>
      <![CDATA[<+======Ending the Test Method =====>]]>
    </line>
    <line>
      <![CDATA[Closing the browser session]]>
    </line>
    <line>
      <![CDATA[<===== Start of Test Method =====>]]>
    </line>
    <line>
      <![CDATA[Setting desired Capabilities]]>
    </line>
    <line>
      <![CDATA[Connecting to hub/ Grid]]>
    </line>
    <line>
      <![CDATA[Step 1:Open LambdaTest’s Selenium Playground from]]>
    </line>
    <line>
      <![CDATA[<--------Scenario 1: Page title validation Started-------->]]>
    </line>
    <line>
      <![CDATA[Asserting wrong page Title]]>
    </line>
    <line>
      <![CDATA[<+======Ending the Test Method =====>]]>
    </line>
    <line>
      <![CDATA[Closing the browser session]]>
    </line>
    <line>
      <![CDATA[<===== Start of Test Method =====>]]>
    </line>
    <line>
      <![CDATA[Setting desired Capabilities]]>
    </line>
    <line>
      <![CDATA[Connecting to hub/ Grid]]>
    </line>
    <line>
      <![CDATA[Step 1:Open LambdaTest’s Selenium Playground from]]>
    </line>
    <line>
      <![CDATA[<--------Scenario 3: Handling Java Script Alert Box Started-------->]]>
    </line>
    <line>
      <![CDATA[Click Javascript Alerts under Alerts and  Modals ]]>
    </line>
    <line>
      <![CDATA[<+======Ending the Test Method =====>]]>
    </line>
    <line>
      <![CDATA[Closing the browser session]]>
    </line>
  </reporter-output>
  <suite started-at="2022-10-05T11:44:24 IST" name="Suite" finished-at="2022-10-05T11:45:24 IST" duration-ms="60435">
    <groups>
    </groups>
    <test started-at="2022-10-05T11:44:24 IST" name="Browser Testing" finished-at="2022-10-05T11:45:24 IST" duration-ms="60435">
      <class name="testNG_TestCases.Testng_Test5">
        <test-method is-config="true" signature="setup(java.lang.reflect.Method,org.testng.ITestContext,java.lang.String,java.lang.String,java.lang.String)[pri:0, instance:testNG_TestCases.Testng_Test5@6379eb]" started-at="2022-10-05T11:44:54 IST" name="setup" finished-at="2022-10-05T11:45:02 IST" duration-ms="8005" status="PASS">
          <params>
            <param index="0">
              <value>
                <![CDATA[public void testNG_TestCases.Testng_Test5.pageTitleValidation(java.lang.String)]]>
              </value>
            </param>
            <param index="1">
              <value>
                <![CDATA[org.testng.TestRunner@68c87fc3]]>
              </value>
            </param>
            <param index="2">
              <value>
                <![CDATA[Chrome]]>
              </value>
            </param>
            <param index="3">
              <value>
                <![CDATA[88.0]]>
              </value>
            </param>
            <param index="4">
              <value>
                <![CDATA[Windows 10]]>
              </value>
            </param>
          </params>
          <reporter-output>
            <line>
              <![CDATA[<===== Start of Test Method =====>]]>
            </line>
            <line>
              <![CDATA[Setting desired Capabilities]]>
            </line>
            <line>
              <![CDATA[Connecting to hub/ Grid]]>
            </line>
          </reporter-output>
        </test-method> <!-- setup -->
        <test-method signature="pageTitleValidation(java.lang.String)[pri:0, instance:testNG_TestCases.Testng_Test5@6379eb]" started-at="2022-10-05T11:45:02 IST" name="pageTitleValidation" finished-at="2022-10-05T11:45:07 IST" duration-ms="4782" status="PASS">
          <params>
            <param index="0">
              <value>
                <![CDATA[https://www.lambdatest.com/selenium-playground/]]>
              </value>
            </param>
          </params>
          <reporter-output>
            <line>
              <![CDATA[Step 1:Open LambdaTest’s Selenium Playground from]]>
            </line>
            <line>
              <![CDATA[<--------Scenario 1: Page title validation Started-------->]]>
            </line>
            <line>
              <![CDATA[Asserting wrong page Title]]>
            </line>
          </reporter-output>
        </test-method> <!-- pageTitleValidation -->
        <test-method is-config="true" signature="tearDown()[pri:0, instance:testNG_TestCases.Testng_Test5@6379eb]" started-at="2022-10-05T11:45:07 IST" name="tearDown" finished-at="2022-10-05T11:45:09 IST" duration-ms="2068" status="PASS">
          <reporter-output>
            <line>
              <![CDATA[<+======Ending the Test Method =====>]]>
            </line>
            <line>
              <![CDATA[Closing the browser session]]>
            </line>
          </reporter-output>
        </test-method> <!-- tearDown -->
      </class> <!-- testNG_TestCases.Testng_Test5 -->
      <class name="testNG_TestCases.Testng_Test6">
        <test-method is-config="true" signature="setup(java.lang.reflect.Method,org.testng.ITestContext,java.lang.String,java.lang.String,java.lang.String)[pri:0, instance:testNG_TestCases.Testng_Test6@294425a7]" started-at="2022-10-05T11:45:09 IST" name="setup" finished-at="2022-10-05T11:45:17 IST" duration-ms="8507" status="PASS">
          <params>
            <param index="0">
              <value>
                <![CDATA[public void testNG_TestCases.Testng_Test6.handlingJavaScriptAlertBox(java.lang.String)]]>
              </value>
            </param>
            <param index="1">
              <value>
                <![CDATA[org.testng.TestRunner@68c87fc3]]>
              </value>
            </param>
            <param index="2">
              <value>
                <![CDATA[Chrome]]>
              </value>
            </param>
            <param index="3">
              <value>
                <![CDATA[88.0]]>
              </value>
            </param>
            <param index="4">
              <value>
                <![CDATA[Windows 10]]>
              </value>
            </param>
          </params>
          <reporter-output>
            <line>
              <![CDATA[<===== Start of Test Method =====>]]>
            </line>
            <line>
              <![CDATA[Setting desired Capabilities]]>
            </line>
            <line>
              <![CDATA[Connecting to hub/ Grid]]>
            </line>
          </reporter-output>
        </test-method> <!-- setup -->
        <test-method signature="handlingJavaScriptAlertBox(java.lang.String)[pri:0, instance:testNG_TestCases.Testng_Test6@294425a7]" started-at="2022-10-05T11:45:17 IST" name="handlingJavaScriptAlertBox" finished-at="2022-10-05T11:45:22 IST" duration-ms="4468" status="PASS">
          <params>
            <param index="0">
              <value>
                <![CDATA[https://www.lambdatest.com/selenium-playground/]]>
              </value>
            </param>
          </params>
          <reporter-output>
            <line>
              <![CDATA[Step 1:Open LambdaTest’s Selenium Playground from]]>
            </line>
            <line>
              <![CDATA[<--------Scenario 3: Handling Java Script Alert Box Started-------->]]>
            </line>
            <line>
              <![CDATA[Click Javascript Alerts under Alerts and  Modals ]]>
            </line>
          </reporter-output>
        </test-method> <!-- handlingJavaScriptAlertBox -->
        <test-method is-config="true" signature="tearDown()[pri:0, instance:testNG_TestCases.Testng_Test6@294425a7]" started-at="2022-10-05T11:45:22 IST" name="tearDown" finished-at="2022-10-05T11:45:24 IST" duration-ms="2226" status="PASS">
          <reporter-output>
            <line>
              <![CDATA[<+======Ending the Test Method =====>]]>
            </line>
            <line>
              <![CDATA[Closing the browser session]]>
            </line>
          </reporter-output>
        </test-method> <!-- tearDown -->
      </class> <!-- testNG_TestCases.Testng_Test6 -->
      <class name="testNG_TestCases.Testng_Test4">
        <test-method is-config="true" signature="setup(java.lang.reflect.Method,org.testng.ITestContext,java.lang.String,java.lang.String,java.lang.String)[pri:0, instance:testNG_TestCases.Testng_Test4@5f058f00]" started-at="2022-10-05T11:44:24 IST" name="setup" finished-at="2022-10-05T11:44:36 IST" duration-ms="12027" status="PASS">
          <params>
            <param index="0">
              <value>
                <![CDATA[public void testNG_TestCases.Testng_Test4.checkBoxValidation(java.lang.String) throws java.lang.InterruptedException]]>
              </value>
            </param>
            <param index="1">
              <value>
                <![CDATA[org.testng.TestRunner@68c87fc3]]>
              </value>
            </param>
            <param index="2">
              <value>
                <![CDATA[Chrome]]>
              </value>
            </param>
            <param index="3">
              <value>
                <![CDATA[88.0]]>
              </value>
            </param>
            <param index="4">
              <value>
                <![CDATA[Windows 10]]>
              </value>
            </param>
          </params>
          <reporter-output>
            <line>
              <![CDATA[<===== Start of Test Method =====>]]>
            </line>
            <line>
              <![CDATA[Setting desired Capabilities]]>
            </line>
            <line>
              <![CDATA[Connecting to hub/ Grid]]>
            </line>
          </reporter-output>
        </test-method> <!-- setup -->
        <test-method signature="checkBoxValidation(java.lang.String)[pri:0, instance:testNG_TestCases.Testng_Test4@5f058f00]" started-at="2022-10-05T11:44:36 IST" name="checkBoxValidation" finished-at="2022-10-05T11:44:52 IST" duration-ms="15978" status="PASS">
          <params>
            <param index="0">
              <value>
                <![CDATA[https://www.lambdatest.com/selenium-playground/]]>
              </value>
            </param>
          </params>
          <reporter-output>
            <line>
              <![CDATA[Step 1:Open LambdaTest’s Selenium Playground from]]>
            </line>
            <line>
              <![CDATA[<--------Scenario 2: Check Box  validation Started-------->]]>
            </line>
            <line>
              <![CDATA[Click Checkbox Demo under Input Forms]]>
            </line>
            <line>
              <![CDATA[clicked on checkbox demo link]]>
            </line>
            <line>
              <![CDATA[Click the checkbox under the Single Checkbox Demo section]]>
            </line>
            <line>
              <![CDATA[clicked on single checkbox]]>
            </line>
            <line>
              <![CDATA[Validate whether this checkbox is selected ]]>
            </line>
            <line>
              <![CDATA[Now click the checkbox again and validate whether the checkbox is unselected]]>
            </line>
          </reporter-output>
        </test-method> <!-- checkBoxValidation -->
        <test-method is-config="true" signature="tearDown()[pri:0, instance:testNG_TestCases.Testng_Test4@5f058f00]" started-at="2022-10-05T11:44:52 IST" name="tearDown" finished-at="2022-10-05T11:44:54 IST" duration-ms="2259" status="PASS">
          <reporter-output>
            <line>
              <![CDATA[<+======Ending the Test Method =====>]]>
            </line>
            <line>
              <![CDATA[Closing the browser session]]>
            </line>
          </reporter-output>
        </test-method> <!-- tearDown -->
      </class> <!-- testNG_TestCases.Testng_Test4 -->
    </test> <!-- Browser Testing -->
  </suite> <!-- Suite -->
</testng-results>
