<?xml version="1.0" encoding="UTF-8"?>
<testng-results ignored="0" total="1" passed="0" failed="1" skipped="0">
  <reporter-output>
    <line>
      <![CDATA[Step 1:Open LambdaTest’s Selenium Playground from]]>
    </line>
    <line>
      <![CDATA[<===== Start of Test Method =====>]]>
    </line>
    <line>
      <![CDATA[Setting desired Capabilities]]>
    </line>
    <line>
      <![CDATA[Connecting to hub/ Grid]]>
    </line>
    <line>
      <![CDATA[<--------Scenario 2: Check Box  validation Started-------->]]>
    </line>
    <line>
      <![CDATA[Click Checkbox Demo under Input Forms]]>
    </line>
    <line>
      <![CDATA[<+======Ending the Test Method =====>]]>
    </line>
    <line>
      <![CDATA[Closing the browser session]]>
    </line>
  </reporter-output>
  <suite started-at="2022-10-05T02:35:27 IST" name="Suite" finished-at="2022-10-05T02:36:13 IST" duration-ms="45844">
    <groups>
    </groups>
    <test started-at="2022-10-05T02:35:27 IST" name="Testing" finished-at="2022-10-05T02:36:13 IST" duration-ms="45844">
      <class name="testNG_TestCases.CheckBox">
        <test-method is-config="true" signature="setUrl(java.lang.String)[pri:0, instance:testNG_TestCases.CheckBox@4466af20]" started-at="2022-10-05T02:35:27 IST" name="setUrl" finished-at="2022-10-05T02:35:27 IST" duration-ms="42" status="PASS">
          <params>
            <param index="0">
              <value>
                <![CDATA[https://www.lambdatest.com/selenium-playground/]]>
              </value>
            </param>
          </params>
          <reporter-output>
            <line>
              <![CDATA[Step 1:Open LambdaTest’s Selenium Playground from]]>
            </line>
          </reporter-output>
        </test-method> <!-- setUrl -->
        <test-method is-config="true" signature="setup(java.lang.reflect.Method,org.testng.ITestContext,java.lang.String,java.lang.String,java.lang.String)[pri:0, instance:testNG_TestCases.CheckBox@4466af20]" started-at="2022-10-05T02:35:28 IST" name="setup" finished-at="2022-10-05T02:35:39 IST" duration-ms="11599" status="PASS">
          <params>
            <param index="0">
              <value>
                <![CDATA[public void testNG_TestCases.CheckBox.checkBoxValidation()]]>
              </value>
            </param>
            <param index="1">
              <value>
                <![CDATA[org.testng.TestRunner@55b8dbda]]>
              </value>
            </param>
            <param index="2">
              <value>
                <![CDATA[Chrome]]>
              </value>
            </param>
            <param index="3">
              <value>
                <![CDATA[88.0]]>
              </value>
            </param>
            <param index="4">
              <value>
                <![CDATA[Windows 10]]>
              </value>
            </param>
          </params>
          <reporter-output>
            <line>
              <![CDATA[<===== Start of Test Method =====>]]>
            </line>
            <line>
              <![CDATA[Setting desired Capabilities]]>
            </line>
            <line>
              <![CDATA[Connecting to hub/ Grid]]>
            </line>
          </reporter-output>
        </test-method> <!-- setup -->
        <test-method signature="checkBoxValidation()[pri:0, instance:testNG_TestCases.CheckBox@4466af20]" started-at="2022-10-05T02:35:39 IST" name="checkBoxValidation" finished-at="2022-10-05T02:36:11 IST" duration-ms="32175" status="FAIL">
          <exception class="org.openqa.selenium.TimeoutException">
            <message>
              <![CDATA[Expected condition failed: waiting for element to be clickable: By.linkText: Checkbox Demo (tried for 30 second(s) with 10000 milliseconds interval)
Build info: version: '4.4.0', revision: 'e5c75ed026a'
System info: host: 'DESKTOP-FI8UJG3', ip: '192.168.43.191', os.name: 'Windows 10', os.arch: 'amd64', os.version: '10.0', java.version: '12.0.2'
Driver info: org.openqa.selenium.remote.RemoteWebDriver
Capabilities {acceptInsecureCerts: false, browserName: chrome, browserVersion: 88.0.4324.104, chrome: {chromedriverVersion: 87.0.4280.20 (c99e81631faa0..., userDataDir: C:\Users\ltuser\AppData\Loc...}, goog:chromeOptions: {debuggerAddress: localhost:49531}, networkConnectionEnabled: false, pageLoadStrategy: normal, platformName: WINDOWS, proxy: Proxy(), setWindowRect: true, strictFileInteractability: false, timeouts: {implicit: 0, pageLoad: 300000, script: 30000}, unhandledPromptBehavior: dismiss and notify, webauthn:virtualAuthenticators: true, webdriver.remote.sessionid: 7ae6b1179a9cef40f1c2fbd5c59...}
Session ID: 7ae6b1179a9cef40f1c2fbd5c59af480]]>
            </message>
            <full-stacktrace>
              <![CDATA[org.openqa.selenium.TimeoutException: Expected condition failed: waiting for element to be clickable: By.linkText: Checkbox Demo (tried for 30 second(s) with 10000 milliseconds interval)
Build info: version: '4.4.0', revision: 'e5c75ed026a'
System info: host: 'DESKTOP-FI8UJG3', ip: '192.168.43.191', os.name: 'Windows 10', os.arch: 'amd64', os.version: '10.0', java.version: '12.0.2'
Driver info: org.openqa.selenium.remote.RemoteWebDriver
Capabilities {acceptInsecureCerts: false, browserName: chrome, browserVersion: 88.0.4324.104, chrome: {chromedriverVersion: 87.0.4280.20 (c99e81631faa0..., userDataDir: C:\Users\ltuser\AppData\Loc...}, goog:chromeOptions: {debuggerAddress: localhost:49531}, networkConnectionEnabled: false, pageLoadStrategy: normal, platformName: WINDOWS, proxy: Proxy(), setWindowRect: true, strictFileInteractability: false, timeouts: {implicit: 0, pageLoad: 300000, script: 30000}, unhandledPromptBehavior: dismiss and notify, webauthn:virtualAuthenticators: true, webdriver.remote.sessionid: 7ae6b1179a9cef40f1c2fbd5c59...}
Session ID: 7ae6b1179a9cef40f1c2fbd5c59af480
at org.openqa.selenium.support.ui.WebDriverWait.timeoutException(WebDriverWait.java:87)
at org.openqa.selenium.support.ui.FluentWait.until(FluentWait.java:231)
at testNG_TestCases.CheckBox.checkBoxValidation(CheckBox.java:24)
at java.base/jdk.internal.reflect.NativeMethodAccessorImpl.invoke0(Native Method)
at java.base/jdk.internal.reflect.NativeMethodAccessorImpl.invoke(NativeMethodAccessorImpl.java:62)
at java.base/jdk.internal.reflect.DelegatingMethodAccessorImpl.invoke(DelegatingMethodAccessorImpl.java:43)
at java.base/java.lang.reflect.Method.invoke(Method.java:567)
at org.testng.internal.MethodInvocationHelper.invokeMethod(MethodInvocationHelper.java:133)
at org.testng.internal.TestInvoker.invokeMethod(TestInvoker.java:598)
at org.testng.internal.TestInvoker.invokeTestMethod(TestInvoker.java:173)
at org.testng.internal.MethodRunner.runInSequence(MethodRunner.java:46)
at org.testng.internal.TestInvoker$MethodInvocationAgent.invoke(TestInvoker.java:824)
at org.testng.internal.TestInvoker.invokeTestMethods(TestInvoker.java:146)
at org.testng.internal.TestMethodWorker.invokeTestMethods(TestMethodWorker.java:146)
at org.testng.internal.TestMethodWorker.run(TestMethodWorker.java:128)
at java.base/java.util.ArrayList.forEach(ArrayList.java:1540)
at org.testng.TestRunner.privateRun(TestRunner.java:794)
at org.testng.TestRunner.run(TestRunner.java:596)
at org.testng.SuiteRunner.runTest(SuiteRunner.java:377)
at org.testng.SuiteRunner.runSequentially(SuiteRunner.java:371)
at org.testng.SuiteRunner.privateRun(SuiteRunner.java:332)
at org.testng.SuiteRunner.run(SuiteRunner.java:276)
at org.testng.SuiteRunnerWorker.runSuite(SuiteRunnerWorker.java:53)
at org.testng.SuiteRunnerWorker.run(SuiteRunnerWorker.java:96)
at org.testng.TestNG.runSuitesSequentially(TestNG.java:1212)
at org.testng.TestNG.runSuitesLocally(TestNG.java:1134)
at org.testng.TestNG.runSuites(TestNG.java:1063)
at org.testng.TestNG.run(TestNG.java:1031)
at org.testng.remote.AbstractRemoteTestNG.run(AbstractRemoteTestNG.java:115)
at org.testng.remote.RemoteTestNG.initAndRun(RemoteTestNG.java:251)
at org.testng.remote.RemoteTestNG.main(RemoteTestNG.java:77)
]]>
            </full-stacktrace>
          </exception> <!-- org.openqa.selenium.TimeoutException -->
          <reporter-output>
            <line>
              <![CDATA[<--------Scenario 2: Check Box  validation Started-------->]]>
            </line>
            <line>
              <![CDATA[Click Checkbox Demo under Input Forms]]>
            </line>
          </reporter-output>
        </test-method> <!-- checkBoxValidation -->
        <test-method is-config="true" signature="tearDown()[pri:0, instance:testNG_TestCases.CheckBox@4466af20]" started-at="2022-10-05T02:36:11 IST" name="tearDown" finished-at="2022-10-05T02:36:13 IST" duration-ms="1914" status="PASS">
          <reporter-output>
            <line>
              <![CDATA[<+======Ending the Test Method =====>]]>
            </line>
            <line>
              <![CDATA[Closing the browser session]]>
            </line>
          </reporter-output>
        </test-method> <!-- tearDown -->
      </class> <!-- testNG_TestCases.CheckBox -->
    </test> <!-- Testing -->
  </suite> <!-- Suite -->
</testng-results>
