<?xml version="1.0" encoding="UTF-8"?>
<!-- Generated by org.testng.reporters.JUnitReportReporter -->
<testsuite hostname="DESKTOP-FI8UJG3" failures="0" tests="1" name="testNG_TestCases.Testng_Test4" time="30.264" errors="0" timestamp="2022-10-05T11:45:24 IST" skipped="0">
  <testcase classname="testNG_TestCases.Testng_Test4" name="checkBoxValidation" time="30.264"/>
  <system-out>
    <![CDATA[Step 1:Open LambdaTest’s Selenium Playground from
<--------Scenario 2: Check Box  validation Started-------->
Click Checkbox Demo under Input Forms
clicked on checkbox demo link
Click the checkbox under the Single Checkbox Demo section
clicked on single checkbox
Validate whether this checkbox is selected 
Now click the checkbox again and validate whether the checkbox is unselected]]>
  </system-out>
</testsuite> <!-- testNG_TestCases.Testng_Test4 -->
