<?xml version="1.0" encoding="UTF-8"?>
<!-- Generated by org.testng.reporters.JUnitReportReporter -->
<testsuite hostname="DESKTOP-FI8UJG3" failures="0" tests="1" name="testNG_TestCases.Testng_Test5" time="14.855" errors="0" timestamp="2022-10-05T11:45:24 IST" skipped="0">
  <testcase classname="testNG_TestCases.Testng_Test5" name="pageTitleValidation" time="14.855"/>
  <system-out>
    <![CDATA[Step 1:Open LambdaTest’s Selenium Playground from
<--------Scenario 1: Page title validation Started-------->
Asserting wrong page Title]]>
  </system-out>
</testsuite> <!-- testNG_TestCases.Testng_Test5 -->
