<?xml version="1.0" encoding="UTF-8"?>
<!-- Generated by org.testng.reporters.JUnitReportReporter -->
<testsuite hostname="DESKTOP-FI8UJG3" failures="0" tests="1" name="testNG_TestCases.Testng_Test6" time="15.201" errors="0" timestamp="2022-10-05T11:45:24 IST" skipped="0">
  <testcase classname="testNG_TestCases.Testng_Test6" name="handlingJavaScriptAlertBox" time="15.201"/>
  <system-out>
    <![CDATA[Step 1:Open LambdaTest’s Selenium Playground from
<--------Scenario 3: Handling Java Script Alert Box Started-------->
Click Javascript Alerts under Alerts and  Modals ]]>
  </system-out>
</testsuite> <!-- testNG_TestCases.Testng_Test6 -->
