<?xml version="1.0" encoding="UTF-8"?>
<!-- Generated by org.testng.reporters.JUnitXMLReporter -->
<testsuite ignored="0" hostname="DESKTOP-FI8UJG3" failures="0" tests="3" name="Chrome Browser Testing" time="57.207" errors="0" timestamp="2022-10-05T11:56:28 IST">
  <testcase classname="testNG_TestCases.Testng_Test1" name="checkBoxValidation" time="14.238"/>
  <testcase classname="testNG_TestCases.Testng_Test2" name="pageTitleValidation" time="4.57"/>
  <testcase classname="testNG_TestCases.Testng_Test3" name="handlingJavaScriptAlertBox" time="3.863"/>
</testsuite> <!-- Chrome Browser Testing -->
