<?xml version="1.0" encoding="UTF-8"?>
<!-- Generated by org.testng.reporters.JUnitXMLReporter -->
<testsuite ignored="2" hostname="DESKTOP-FI8UJG3" failures="0" tests="3" name="Edge Browser Testing" time="36.992" errors="0" timestamp="2022-10-02T00:42:49 IST">
  <testcase classname="testNG_TestCases.Testng_Test1" name="pageTitleValidation" time="0.624"/>
  <testcase classname="testNG_TestCases.Testng_Test2" name="checkBoxValidation" time="1.295"/>
  <testcase classname="testNG_TestCases.Testng_Test3" name="handlingJavaScriptAlertBox" time="0.791"/>
  <testcase classname="com.lambdatest.basetest.BaseTest" name="@BeforeTest setUrl" time="0.0">
    <ignored/>
  </testcase> <!-- @BeforeTest setUrl -->
  <testcase classname="com.lambdatest.basetest.BaseTest" name="@BeforeTest setUrl" time="0.0">
    <ignored/>
  </testcase> <!-- @BeforeTest setUrl -->
</testsuite> <!-- Edge Browser Testing -->
