<?xml version="1.0" encoding="UTF-8"?>
<!-- Generated by org.testng.reporters.JUnitXMLReporter -->
<testsuite ignored="2" hostname="DESKTOP-FI8UJG3" failures="0" tests="3" name="Edge Browser Testing" time="62.071" errors="0" timestamp="2022-10-05T02:46:19 IST">
  <testcase classname="testNG_TestCases.Testng_Test1" name="pageTitleValidation" time="0.562"/>
  <testcase classname="testNG_TestCases.Testng_Test2" name="checkBoxValidation" time="32.484"/>
  <testcase classname="testNG_TestCases.Testng_Test3" name="handlingJavaScriptAlertBox" time="0.002"/>
  <testcase classname="com.lambdatest.basetest.BaseTest" name="@BeforeTest setUrl" time="0.0">
    <ignored/>
  </testcase> <!-- @BeforeTest setUrl -->
  <testcase classname="com.lambdatest.basetest.BaseTest" name="@BeforeTest setUrl" time="0.0">
    <ignored/>
  </testcase> <!-- @BeforeTest setUrl -->
</testsuite> <!-- Edge Browser Testing -->
