<?xml version="1.0" encoding="UTF-8"?>
<!-- Generated by org.testng.reporters.JUnitXMLReporter -->
<testsuite ignored="0" hostname="DESKTOP-FI8UJG3" failures="0" tests="3" name="Firefox Browser Testing" time="50.33" errors="0" timestamp="2022-10-05T11:58:10 IST">
  <testcase classname="testNG_TestCases.Testng_Test1" name="checkBoxValidation" time="13.165"/>
  <testcase classname="testNG_TestCases.Testng_Test2" name="pageTitleValidation" time="3.204"/>
  <testcase classname="testNG_TestCases.Testng_Test3" name="handlingJavaScriptAlertBox" time="4.225"/>
</testsuite> <!-- Firefox Browser Testing -->
