<?xml version="1.0" encoding="UTF-8"?>
<!-- Generated by org.testng.reporters.JUnitXMLReporter -->
<testsuite ignored="2" hostname="DESKTOP-FI8UJG3" failures="0" tests="3" name="Internet Explorer Testing" time="59.521" errors="0" timestamp="2022-10-05T02:48:17 IST">
  <testcase classname="testNG_TestCases.Testng_Test1" name="pageTitleValidation" time="0.54"/>
  <testcase classname="testNG_TestCases.Testng_Test2" name="checkBoxValidation" time="33.362"/>
  <testcase classname="testNG_TestCases.Testng_Test3" name="handlingJavaScriptAlertBox" time="0.003"/>
  <testcase classname="com.lambdatest.basetest.BaseTest" name="@BeforeTest setUrl" time="0.0">
    <ignored/>
  </testcase> <!-- @BeforeTest setUrl -->
  <testcase classname="com.lambdatest.basetest.BaseTest" name="@BeforeTest setUrl" time="0.0">
    <ignored/>
  </testcase> <!-- @BeforeTest setUrl -->
</testsuite> <!-- Internet Explorer Testing -->
