<?xml version="1.0" encoding="UTF-8"?>
<!-- Generated by org.testng.reporters.JUnitXMLReporter -->
<testsuite ignored="2" hostname="DESKTOP-FI8UJG3" failures="0" tests="3" name="Internet Explorer Testing" time="28.761" errors="0" timestamp="2022-10-02T00:43:56 IST">
  <testcase classname="testNG_TestCases.Testng_Test1" name="pageTitleValidation" time="0.618"/>
  <testcase classname="testNG_TestCases.Testng_Test2" name="checkBoxValidation" time="1.915"/>
  <testcase classname="testNG_TestCases.Testng_Test3" name="handlingJavaScriptAlertBox" time="0.797"/>
  <testcase classname="com.lambdatest.basetest.BaseTest" name="@BeforeTest setUrl" time="0.0">
    <ignored/>
  </testcase> <!-- @BeforeTest setUrl -->
  <testcase classname="com.lambdatest.basetest.BaseTest" name="@BeforeTest setUrl" time="0.0">
    <ignored/>
  </testcase> <!-- @BeforeTest setUrl -->
</testsuite> <!-- Internet Explorer Testing -->
